# JRE version: Java(TM) SE Runtime Environment (8.0_391) (build 1.8.0_391-b13)
# Java VM: Java HotSpot(TM) 64-Bit Server VM (25.391-b13 mixed mode windows-amd64 compressed oops)
Heap:
 PSYoungGen      total 798720K, used 415115K [0x000000076c800000, 0x00000007b5380000, 0x00000007c0000000)
  eden space 773632K, 53% used [0x000000076c800000,0x0000000785d62d88,0x000000079bb80000)
  from space 25088K, 0% used [0x000000079bb80000,0x000000079bb80000,0x000000079d400000)
  to   space 24576K, 0% used [0x00000007b3b80000,0x00000007b3b80000,0x00000007b5380000)
 ParOldGen       total 140800K, used 35039K [0x00000006c5800000, 0x00000006ce180000, 0x000000076c800000)
  object space 140800K, 24% used [0x00000006c5800000,0x00000006c7a37e60,0x00000006ce180000)
 Metaspace       used 62683K, capacity 67160K, committed 67352K, reserved 1107968K
  class space    used 7986K, capacity 8740K, committed 8744K, reserved 1048576K
GC Heap History (10 events):
Event: 4.134 GC heap before
{Heap before GC invocations=8 (full 2):
 PSYoungGen      total 268800K, used 258048K [0x000000076c800000, 0x0000000789500000, 0x00000007c0000000)
  eden space 258048K, 100% used [0x000000076c800000,0x000000077c400000,0x000000077c400000)
  from space 10752K, 0% used [0x000000077c400000,0x000000077c400000,0x000000077ce80000)
  to   space 17920K, 0% used [0x0000000788380000,0x0000000788380000,0x0000000789500000)
 ParOldGen       total 108544K, used 18828K [0x00000006c5800000, 0x00000006cc200000, 0x000000076c800000)
  object space 108544K, 17% used [0x00000006c5800000,0x00000006c6a63068,0x00000006cc200000)
 Metaspace       used 42701K, capacity 44786K, committed 45096K, reserved 1089536K
  class space    used 5434K, capacity 5817K, committed 5928K, reserved 1048576K
Event: 4.150 GC heap after
Heap after GC invocations=8 (full 2):
 PSYoungGen      total 455168K, used 9540K [0x000000076c800000, 0x000000078b000000, 0x00000007c0000000)
  eden space 437248K, 0% used [0x000000076c800000,0x000000076c800000,0x0000000787300000)
  from space 17920K, 53% used [0x0000000788380000,0x0000000788cd1078,0x0000000789500000)
  to   space 16896K, 0% used [0x0000000787300000,0x0000000787300000,0x0000000788380000)
 ParOldGen       total 108544K, used 18908K [0x00000006c5800000, 0x00000006cc200000, 0x000000076c800000)
  object space 108544K, 17% used [0x00000006c5800000,0x00000006c6a77078,0x00000006cc200000)
 Metaspace       used 42701K, capacity 44786K, committed 45096K, reserved 1089536K
  class space    used 5434K, capacity 5817K, committed 5928K, reserved 1048576K
}
Event: 6.734 GC heap before
{Heap before GC invocations=9 (full 2):
 PSYoungGen      total 455168K, used 446788K [0x000000076c800000, 0x000000078b000000, 0x00000007c0000000)
  eden space 437248K, 100% used [0x000000076c800000,0x0000000787300000,0x0000000787300000)
  from space 17920K, 53% used [0x0000000788380000,0x0000000788cd1078,0x0000000789500000)
  to   space 16896K, 0% used [0x0000000787300000,0x0000000787300000,0x0000000788380000)
 ParOldGen       total 108544K, used 18908K [0x00000006c5800000, 0x00000006cc200000, 0x000000076c800000)
  object space 108544K, 17% used [0x00000006c5800000,0x00000006c6a77078,0x00000006cc200000)
 Metaspace       used 54070K, capacity 58032K, committed 58280K, reserved 1099776K
  class space    used 6951K, capacity 7590K, committed 7592K, reserved 1048576K
Event: 6.776 GC heap after
Heap after GC invocations=9 (full 2):
 PSYoungGen      total 454144K, used 16880K [0x000000076c800000, 0x000000079eb80000, 0x00000007c0000000)
  eden space 437248K, 0% used [0x000000076c800000,0x000000076c800000,0x0000000787300000)
  from space 16896K, 99% used [0x0000000787300000,0x000000078837c338,0x0000000788380000)
  to   space 24064K, 0% used [0x000000079d400000,0x000000079d400000,0x000000079eb80000)
 ParOldGen       total 108544K, used 28448K [0x00000006c5800000, 0x00000006cc200000, 0x000000076c800000)
  object space 108544K, 26% used [0x00000006c5800000,0x00000006c73c8220,0x00000006cc200000)
 Metaspace       used 54070K, capacity 58032K, committed 58280K, reserved 1099776K
  class space    used 6951K, capacity 7590K, committed 7592K, reserved 1048576K
}
Event: 6.971 GC heap before
{Heap before GC invocations=10 (full 2):
 PSYoungGen      total 454144K, used 454128K [0x000000076c800000, 0x000000079eb80000, 0x00000007c0000000)
  eden space 437248K, 100% used [0x000000076c800000,0x0000000787300000,0x0000000787300000)
  from space 16896K, 99% used [0x0000000787300000,0x000000078837c338,0x0000000788380000)
  to   space 24064K, 0% used [0x000000079d400000,0x000000079d400000,0x000000079eb80000)
 ParOldGen       total 108544K, used 28448K [0x00000006c5800000, 0x00000006cc200000, 0x000000076c800000)
  object space 108544K, 26% used [0x00000006c5800000,0x00000006c73c8220,0x00000006cc200000)
 Metaspace       used 54120K, capacity 58116K, committed 58280K, reserved 1099776K
  class space    used 6951K, capacity 7590K, committed 7592K, reserved 1048576K
Event: 7.000 GC heap after
Heap after GC invocations=10 (full 2):
 PSYoungGen      total 797696K, used 17840K [0x000000076c800000, 0x00000007a0580000, 0x00000007c0000000)
  eden space 773632K, 0% used [0x000000076c800000,0x000000076c800000,0x000000079bb80000)
  from space 24064K, 74% used [0x000000079d400000,0x000000079e56c348,0x000000079eb80000)
  to   space 25088K, 0% used [0x000000079bb80000,0x000000079bb80000,0x000000079d400000)
 ParOldGen       total 108544K, used 28456K [0x00000006c5800000, 0x00000006cc200000, 0x000000076c800000)
  object space 108544K, 26% used [0x00000006c5800000,0x00000006c73ca220,0x00000006cc200000)
 Metaspace       used 54120K, capacity 58116K, committed 58280K, reserved 1099776K
  class space    used 6951K, capacity 7590K, committed 7592K, reserved 1048576K
}
Event: 7.675 GC heap before
{Heap before GC invocations=11 (full 2):
 PSYoungGen      total 797696K, used 680340K [0x000000076c800000, 0x00000007a0580000, 0x00000007c0000000)
  eden space 773632K, 85% used [0x000000076c800000,0x0000000794ef90a8,0x000000079bb80000)
  from space 24064K, 74% used [0x000000079d400000,0x000000079e56c348,0x000000079eb80000)
  to   space 25088K, 0% used [0x000000079bb80000,0x000000079bb80000,0x000000079d400000)
 ParOldGen       total 108544K, used 28456K [0x00000006c5800000, 0x00000006cc200000, 0x000000076c800000)
  object space 108544K, 26% used [0x00000006c5800000,0x00000006c73ca220,0x00000006cc200000)
 Metaspace       used 54951K, capacity 59040K, committed 59160K, reserved 1101824K
  class space    used 7024K, capacity 7702K, committed 7720K, reserved 1048576K
Event: 7.684 GC heap after
Heap after GC invocations=11 (full 2):
 PSYoungGen      total 798720K, used 16117K [0x000000076c800000, 0x00000007b5380000, 0x00000007c0000000)
  eden space 773632K, 0% used [0x000000076c800000,0x000000076c800000,0x000000079bb80000)
  from space 25088K, 64% used [0x000000079bb80000,0x000000079cb3d710,0x000000079d400000)
  to   space 24576K, 0% used [0x00000007b3b80000,0x00000007b3b80000,0x00000007b5380000)
 ParOldGen       total 108544K, used 33935K [0x00000006c5800000, 0x00000006cc200000, 0x000000076c800000)
  object space 108544K, 31% used [0x00000006c5800000,0x00000006c7923ef8,0x00000006cc200000)
 Metaspace       used 54951K, capacity 59040K, committed 59160K, reserved 1101824K
  class space    used 7024K, capacity 7702K, committed 7720K, reserved 1048576K
}
Event: 7.684 GC heap before
{Heap before GC invocations=12 (full 3):
 PSYoungGen      total 798720K, used 16117K [0x000000076c800000, 0x00000007b5380000, 0x00000007c0000000)
  eden space 773632K, 0% used [0x000000076c800000,0x000000076c800000,0x000000079bb80000)
  from space 25088K, 64% used [0x000000079bb80000,0x000000079cb3d710,0x000000079d400000)
  to   space 24576K, 0% used [0x00000007b3b80000,0x00000007b3b80000,0x00000007b5380000)
 ParOldGen       total 108544K, used 33935K [0x00000006c5800000, 0x00000006cc200000, 0x000000076c800000)
  object space 108544K, 31% used [0x00000006c5800000,0x00000006c7923ef8,0x00000006cc200000)
 Metaspace       used 54951K, capacity 59040K, committed 59160K, reserved 1101824K
  class space    used 7024K, capacity 7702K, committed 7720K, reserved 1048576K
Event: 7.770 GC heap after
Heap after GC invocations=12 (full 3):
 PSYoungGen      total 798720K, used 0K [0x000000076c800000, 0x00000007b5380000, 0x00000007c0000000)
  eden space 773632K, 0% used [0x000000076c800000,0x000000076c800000,0x000000079bb80000)
  from space 25088K, 0% used [0x000000079bb80000,0x000000079bb80000,0x000000079d400000)
  to   space 24576K, 0% used [0x00000007b3b80000,0x00000007b3b80000,0x00000007b5380000)
 ParOldGen       total 140800K, used 35039K [0x00000006c5800000, 0x00000006ce180000, 0x000000076c800000)
  object space 140800K, 24% used [0x00000006c5800000,0x00000006c7a37e60,0x00000006ce180000)
 Metaspace       used 54951K, capacity 59040K, committed 59160K, reserved 1101824K
  class space    used 7024K, capacity 7702K, committed 7720K, reserved 1048576K
}

