# JRE version: Java(TM) SE Runtime Environment (8.0_391) (build 1.8.0_391-b13)
# Java VM: Java HotSpot(TM) 64-Bit Server VM (25.391-b13 mixed mode windows-amd64 compressed oops)
Heap:
 PSYoungGen      total 753152K, used 86490K [0x000000076c800000, 0x000000079ef00000, 0x00000007c0000000)
  eden space 738304K, 9% used [0x000000076c800000,0x0000000770e00ea0,0x0000000799900000)
  from space 14848K, 99% used [0x000000079e080000,0x000000079eef5b30,0x000000079ef00000)
  to   space 23040K, 0% used [0x000000079c200000,0x000000079c200000,0x000000079d880000)
 ParOldGen       total 175104K, used 34556K [0x00000006c5800000, 0x00000006d0300000, 0x000000076c800000)
  object space 175104K, 19% used [0x00000006c5800000,0x00000006c79bf380,0x00000006d0300000)
 Metaspace       used 69303K, capacity 75136K, committed 75288K, reserved 1116160K
  class space    used 8506K, capacity 9430K, committed 9512K, reserved 1048576K
GC Heap History (10 events):
Event: 7.383 GC heap before
{Heap before GC invocations=13 (full 2):
 PSYoungGen      total 435712K, used 420896K [0x000000076c800000, 0x000000078a500000, 0x00000007c0000000)
  eden space 414208K, 100% used [0x000000076c800000,0x0000000785c80000,0x0000000785c80000)
  from space 21504K, 31% used [0x0000000787180000,0x0000000787808000,0x0000000788680000)
  to   space 21504K, 0% used [0x0000000785c80000,0x0000000785c80000,0x0000000787180000)
 ParOldGen       total 122368K, used 33147K [0x00000006c5800000, 0x00000006ccf80000, 0x000000076c800000)
  object space 122368K, 27% used [0x00000006c5800000,0x00000006c785ef80,0x00000006ccf80000)
 Metaspace       used 54098K, capacity 58048K, committed 58280K, reserved 1099776K
  class space    used 6950K, capacity 7590K, committed 7592K, reserved 1048576K
Event: 7.389 GC heap after
Heap after GC invocations=13 (full 2):
 PSYoungGen      total 435712K, used 864K [0x000000076c800000, 0x0000000792b00000, 0x00000007c0000000)
  eden space 414208K, 0% used [0x000000076c800000,0x000000076c800000,0x0000000785c80000)
  from space 21504K, 4% used [0x0000000785c80000,0x0000000785d58000,0x0000000787180000)
  to   space 22016K, 0% used [0x0000000791580000,0x0000000791580000,0x0000000792b00000)
 ParOldGen       total 122368K, used 39319K [0x00000006c5800000, 0x00000006ccf80000, 0x000000076c800000)
  object space 122368K, 32% used [0x00000006c5800000,0x00000006c7e65ff0,0x00000006ccf80000)
 Metaspace       used 54098K, capacity 58048K, committed 58280K, reserved 1099776K
  class space    used 6950K, capacity 7590K, committed 7592K, reserved 1048576K
}
Event: 7.779 GC heap before
{Heap before GC invocations=14 (full 2):
 PSYoungGen      total 435712K, used 415072K [0x000000076c800000, 0x0000000792b00000, 0x00000007c0000000)
  eden space 414208K, 100% used [0x000000076c800000,0x0000000785c80000,0x0000000785c80000)
  from space 21504K, 4% used [0x0000000785c80000,0x0000000785d58000,0x0000000787180000)
  to   space 22016K, 0% used [0x0000000791580000,0x0000000791580000,0x0000000792b00000)
 ParOldGen       total 122368K, used 39319K [0x00000006c5800000, 0x00000006ccf80000, 0x000000076c800000)
  object space 122368K, 32% used [0x00000006c5800000,0x00000006c7e65ff0,0x00000006ccf80000)
 Metaspace       used 54422K, capacity 58516K, committed 58664K, reserved 1099776K
  class space    used 6968K, capacity 7606K, committed 7720K, reserved 1048576K
Event: 7.783 GC heap after
Heap after GC invocations=14 (full 2):
 PSYoungGen      total 585216K, used 4576K [0x000000076c800000, 0x0000000792200000, 0x00000007c0000000)
  eden space 572416K, 0% used [0x000000076c800000,0x000000076c800000,0x000000078f700000)
  from space 12800K, 35% used [0x0000000791580000,0x00000007919f8000,0x0000000792200000)
  to   space 22016K, 0% used [0x000000078f700000,0x000000078f700000,0x0000000790c80000)
 ParOldGen       total 122368K, used 39607K [0x00000006c5800000, 0x00000006ccf80000, 0x000000076c800000)
  object space 122368K, 32% used [0x00000006c5800000,0x00000006c7eadff0,0x00000006ccf80000)
 Metaspace       used 54422K, capacity 58516K, committed 58664K, reserved 1099776K
  class space    used 6968K, capacity 7606K, committed 7720K, reserved 1048576K
}
Event: 7.988 GC heap before
{Heap before GC invocations=15 (full 2):
 PSYoungGen      total 585216K, used 269836K [0x000000076c800000, 0x0000000792200000, 0x00000007c0000000)
  eden space 572416K, 46% used [0x000000076c800000,0x000000077cb0b228,0x000000078f700000)
  from space 12800K, 35% used [0x0000000791580000,0x00000007919f8000,0x0000000792200000)
  to   space 22016K, 0% used [0x000000078f700000,0x000000078f700000,0x0000000790c80000)
 ParOldGen       total 122368K, used 39607K [0x00000006c5800000, 0x00000006ccf80000, 0x000000076c800000)
  object space 122368K, 32% used [0x00000006c5800000,0x00000006c7eadff0,0x00000006ccf80000)
 Metaspace       used 54881K, capacity 59066K, committed 59160K, reserved 1101824K
  class space    used 7024K, capacity 7705K, committed 7720K, reserved 1048576K
Event: 7.993 GC heap after
Heap after GC invocations=15 (full 2):
 PSYoungGen      total 594432K, used 2264K [0x000000076c800000, 0x000000079f600000, 0x00000007c0000000)
  eden space 572416K, 0% used [0x000000076c800000,0x000000076c800000,0x000000078f700000)
  from space 22016K, 10% used [0x000000078f700000,0x000000078f9360e0,0x0000000790c80000)
  to   space 22016K, 0% used [0x000000079e080000,0x000000079e080000,0x000000079f600000)
 ParOldGen       total 122368K, used 43879K [0x00000006c5800000, 0x00000006ccf80000, 0x000000076c800000)
  object space 122368K, 35% used [0x00000006c5800000,0x00000006c82d9ff0,0x00000006ccf80000)
 Metaspace       used 54881K, capacity 59066K, committed 59160K, reserved 1101824K
  class space    used 7024K, capacity 7705K, committed 7720K, reserved 1048576K
}
Event: 7.993 GC heap before
{Heap before GC invocations=16 (full 3):
 PSYoungGen      total 594432K, used 2264K [0x000000076c800000, 0x000000079f600000, 0x00000007c0000000)
  eden space 572416K, 0% used [0x000000076c800000,0x000000076c800000,0x000000078f700000)
  from space 22016K, 10% used [0x000000078f700000,0x000000078f9360e0,0x0000000790c80000)
  to   space 22016K, 0% used [0x000000079e080000,0x000000079e080000,0x000000079f600000)
 ParOldGen       total 122368K, used 43879K [0x00000006c5800000, 0x00000006ccf80000, 0x000000076c800000)
  object space 122368K, 35% used [0x00000006c5800000,0x00000006c82d9ff0,0x00000006ccf80000)
 Metaspace       used 54881K, capacity 59066K, committed 59160K, reserved 1101824K
  class space    used 7024K, capacity 7705K, committed 7720K, reserved 1048576K
Event: 8.111 GC heap after
Heap after GC invocations=16 (full 3):
 PSYoungGen      total 594432K, used 0K [0x000000076c800000, 0x000000079f600000, 0x00000007c0000000)
  eden space 572416K, 0% used [0x000000076c800000,0x000000076c800000,0x000000078f700000)
  from space 22016K, 0% used [0x000000078f700000,0x000000078f700000,0x0000000790c80000)
  to   space 22016K, 0% used [0x000000079e080000,0x000000079e080000,0x000000079f600000)
 ParOldGen       total 175104K, used 34516K [0x00000006c5800000, 0x00000006d0300000, 0x000000076c800000)
  object space 175104K, 19% used [0x00000006c5800000,0x00000006c79b5380,0x00000006d0300000)
 Metaspace       used 54881K, capacity 59066K, committed 59160K, reserved 1101824K
  class space    used 7024K, capacity 7705K, committed 7720K, reserved 1048576K
}
Event: 2987.832 GC heap before
{Heap before GC invocations=17 (full 3):
 PSYoungGen      total 594432K, used 572416K [0x000000076c800000, 0x000000079f600000, 0x00000007c0000000)
  eden space 572416K, 100% used [0x000000076c800000,0x000000078f700000,0x000000078f700000)
  from space 22016K, 0% used [0x000000078f700000,0x000000078f700000,0x0000000790c80000)
  to   space 22016K, 0% used [0x000000079e080000,0x000000079e080000,0x000000079f600000)
 ParOldGen       total 175104K, used 34516K [0x00000006c5800000, 0x00000006d0300000, 0x000000076c800000)
  object space 175104K, 19% used [0x00000006c5800000,0x00000006c79b5380,0x00000006d0300000)
 Metaspace       used 69279K, capacity 75064K, committed 75288K, reserved 1116160K
  class space    used 8504K, capacity 9428K, committed 9512K, reserved 1048576K
Event: 2987.856 GC heap after
Heap after GC invocations=17 (full 3):
 PSYoungGen      total 753152K, used 14806K [0x000000076c800000, 0x000000079ef00000, 0x00000007c0000000)
  eden space 738304K, 0% used [0x000000076c800000,0x000000076c800000,0x0000000799900000)
  from space 14848K, 99% used [0x000000079e080000,0x000000079eef5b30,0x000000079ef00000)
  to   space 23040K, 0% used [0x000000079c200000,0x000000079c200000,0x000000079d880000)
 ParOldGen       total 175104K, used 34556K [0x00000006c5800000, 0x00000006d0300000, 0x000000076c800000)
  object space 175104K, 19% used [0x00000006c5800000,0x00000006c79bf380,0x00000006d0300000)
 Metaspace       used 69279K, capacity 75064K, committed 75288K, reserved 1116160K
  class space    used 8504K, capacity 9428K, committed 9512K, reserved 1048576K
}

